2025-02-24 01:54:09 info: Congratulations, your extension "Embold" is now active!
2025-02-24 01:54:09 info: tempDirectory : c:\Users\Keshav Mandal\.vscode\extensions\embold-vscode.embold-0.1.8\temp
2025-02-24 01:54:15 info: Extraction complete for source: c:\Users\Keshav Mandal\.vscode\extensions\embold-vscode.embold-0.1.8\resources\embold-scanner-archive.zip, destination: c:\Users\Keshav Mandal\.vscode\extensions\embold-vscode.embold-0.1.8\temp
2025-02-24 01:54:15 info: Extension installed on machine OS : win32
2025-02-24 01:54:15 info: Fetched the issues from DB
2025-02-24 01:54:16 info: Java version installed on machine : 
java version "1.8.0_361"
Java(TM) SE Runtime Environment (build 1.8.0_361-b09)
Java HotSpot(TM) 64-Bit Server VM (build 25.361-b09, mixed mode)

2025-02-24 01:54:16 info: Java installed on machine.
2025-02-24 01:54:20 info: Embold extension version response:{"hasSupport":false,"version":"0.1.6","changeNotes":"<div> <p>Release Date: 09 Oct, 2023 <br><span>Bug fixes and improvements.</span></p> </div>"}
2025-02-24 01:54:20 info: Current installed embold extension version : 0.1.8
2025-02-24 01:54:20 info: Latest embold extension version on marketplace : 0.1.6
2025-02-24 01:54:24 info: Row(s) deleted
2025-02-24 01:54:56 info: Row(s) deleted
2025-02-24 01:54:59 info: Row(s) deleted
2025-02-24 01:55:20 info: Row(s) deleted
2025-04-04 18:31:43 info: Congratulations, your extension "Embold" is now active!
2025-04-04 18:31:43 info: tempDirectory : c:\Users\Keshav Mandal\.vscode\extensions\embold-vscode.embold-0.1.9\temp
2025-04-04 18:31:50 info: Extraction complete for source: c:\Users\Keshav Mandal\.vscode\extensions\embold-vscode.embold-0.1.9\resources\embold-scanner-archive.zip, destination: c:\Users\Keshav Mandal\.vscode\extensions\embold-vscode.embold-0.1.9\temp
2025-04-04 18:31:50 info: Extension installed on machine OS : win32
2025-04-04 18:31:50 info: Fetched the issues from DB
2025-04-04 18:31:51 info: Java version installed on machine : 
java version "1.8.0_361"
Java(TM) SE Runtime Environment (build 1.8.0_361-b09)
Java HotSpot(TM) 64-Bit Server VM (build 25.361-b09, mixed mode)

2025-04-04 18:31:51 info: Java installed on machine.
2025-04-04 18:31:55 info: Embold extension version response:{"hasSupport":false,"version":"0.1.6","changeNotes":"<div> <p>Release Date: 09 Oct, 2023 <br><span>Bug fixes and improvements.</span></p> </div>"}
2025-04-04 18:31:55 info: Current installed embold extension version : 0.1.9
2025-04-04 18:31:55 info: Latest embold extension version on marketplace : 0.1.6
